 M .dockerignore
 M .github/workflows/ci.yml
 M .gitignore
 D .licenseheaders/HEADER-APACHE
 D .licenseheaders/HEADER-GPL3
 D .licenseheaders/HEADER-MIT
 D .licenseheaders/HEADER-MIT-APACHE
 D CHANGELOG.md
 D CODEOWNERS
 D CODE_OF_CONDUCT.md
 M Cargo.toml
 D LICENSE-APACHE.md
 D LICENSE-GPL3.md
 D LICENSE-MIT.md
 D LICENSES.md
 M mise.toml
 D repos/bridge/bridge-core/.github/CODEOWNERS
 D repos/bridge/bridge-core/.github/ISSUE_TEMPLATE/backlog-item.md
 D repos/bridge/bridge-core/.github/ISSUE_TEMPLATE/bug_report.md
 D repos/bridge/bridge-core/.github/ISSUE_TEMPLATE/user-sotry.md
 D repos/bridge/bridge-core/.github/pull_request_template.md
 D repos/bridge/bridge-core/.github/workflows/checks.yml
 D repos/bridge/bridge-core/.github/workflows/code-quality.yml
 D repos/bridge/bridge-core/.github/workflows/dependecy-review.yml
 D repos/bridge/bridge-core/.github/workflows/mocks.yml
 D repos/bridge/bridge-core/.github/workflows/release.yml
 D repos/bridge/bridge-core/.github/workflows/test.yml
 D repos/bridge/bridge-docs/.github/workflows/check.yaml
 M repos/bridge/bridge-docs/package.json
 D repos/bridge/bridge-relayer/.github/CODEOWNERS
 D repos/bridge/bridge-relayer/.github/ISSUE_TEMPLATE/backlog-item.md
 D repos/bridge/bridge-relayer/.github/ISSUE_TEMPLATE/bug_report.md
 D repos/bridge/bridge-relayer/.github/ISSUE_TEMPLATE/user-sotry.md
 D repos/bridge/bridge-relayer/.github/pull_request_template.md
 D repos/bridge/bridge-relayer/.github/workflows/checks.yml
 D repos/bridge/bridge-relayer/.github/workflows/code-quality.yml
 D repos/bridge/bridge-relayer/.github/workflows/dependecy-review.yml
 D repos/bridge/bridge-relayer/.github/workflows/deploy_mainnet.yml
 D repos/bridge/bridge-relayer/.github/workflows/deploy_stage.yml
 D repos/bridge/bridge-relayer/.github/workflows/deploy_testnet.yml
 D repos/bridge/bridge-relayer/.github/workflows/e2e.yml
 D repos/bridge/bridge-relayer/.github/workflows/mocks.yml
 D repos/bridge/bridge-relayer/.github/workflows/pr.yml
 D repos/bridge/bridge-relayer/.github/workflows/publish-binaries.yml
 D repos/bridge/bridge-relayer/.github/workflows/release.yml
 D repos/bridge/bridge-relayer/.github/workflows/test.yml
 D repos/bridge/bridge-relayer/Dockerfile
 D repos/bridge/bridge-sdk/.github/.dependabot.yaml
 D repos/bridge/bridge-sdk/.github/pull_request_template.md
 D repos/bridge/bridge-sdk/.github/workflows/ci.yaml
 D repos/bridge/bridge-sdk/.github/workflows/docs.yml
 D repos/bridge/bridge-sdk/.github/workflows/pr.yaml
 D repos/bridge/bridge-sdk/.github/workflows/release-bitcoin.yml
 D repos/bridge/bridge-sdk/.github/workflows/release-core.yml
 D repos/bridge/bridge-sdk/.github/workflows/release-evm.yml
 D repos/bridge/bridge-sdk/.github/workflows/release-substrate.yml
 D repos/bridge/bridge-sdk/.github/workflows/release-utils.yml
 D repos/bridge/bridge-x-solidity/.github/ISSUE_TEMPLATE/backlog-item.md
 D repos/bridge/bridge-x-solidity/.github/ISSUE_TEMPLATE/bug_report.md
 D repos/bridge/bridge-x-solidity/.github/ISSUE_TEMPLATE/feature-request-or-epic.md
 D repos/bridge/bridge-x-solidity/.github/dependabot.yml
 D repos/bridge/bridge-x-solidity/.github/pull_request_template.md
 D repos/bridge/bridge-x-solidity/.github/workflows/lint.yml
 D repos/bridge/bridge-x-solidity/.github/workflows/publish-contracts.yml
 D repos/bridge/bridge-x-solidity/.github/workflows/release.yml
 D repos/bridge/bridge-x-solidity/.github/workflows/test.yml
 D repos/move-vm/.config/nextest.toml
 D repos/move-vm/.gitattributes
 D repos/move-vm/.github/ISSUE_TEMPLATE/bug_report.md
 D repos/move-vm/.github/ISSUE_TEMPLATE/feature_request.md
 D repos/move-vm/.github/ISSUE_TEMPLATE/questions.md
 D repos/move-vm/.github/PULL_REQUEST_TEMPLATE.md
 D repos/move-vm/.github/actions/README.md
 D repos/move-vm/.github/actions/build-setup/action.yml
 D repos/move-vm/.github/actions/build-teardown/action.yml
 D repos/move-vm/.github/actions/check-machine/action.yml
 D repos/move-vm/.github/actions/early-terminator/action.yml
 D repos/move-vm/.github/actions/slack-file/action.yml
 D repos/move-vm/.github/actions/slack-file/message_file_to_slack.sh
 D repos/move-vm/.github/dependabot.yml
 D repos/move-vm/.github/stale.yml
 D repos/move-vm/.github/workflows/README.md
 D repos/move-vm/.github/workflows/check-move-backend-pull-request.yml
 D repos/move-vm/.github/workflows/check-move-packages-pull-request.yml
 D repos/move-vm/.github/workflows/check-move-packages-push.yml
 D repos/move-vm/.gitignore
 D repos/move-vm/Cargo.lock
 D repos/move-vm/Cargo.toml
 D repos/move-vm/clippy.toml
 M repos/move-vm/devtools/x-core/Cargo.toml
 M repos/move-vm/devtools/x-lint/Cargo.toml
 M repos/move-vm/devtools/x/Cargo.toml
 D repos/move-vm/docker/ci/github/Dockerfile
 D repos/move-vm/docker/move-cli/Dockerfile
 M repos/move-vm/language/benchmarks/Cargo.toml
 M repos/move-vm/language/documentation/examples/diem-framework/crates/cli/Cargo.toml
 M repos/move-vm/language/documentation/examples/diem-framework/crates/crypto-derive/Cargo.toml
 M repos/move-vm/language/documentation/examples/diem-framework/crates/crypto/Cargo.toml
 M repos/move-vm/language/documentation/examples/diem-framework/crates/natives/Cargo.toml
 M repos/move-vm/language/evm/exec-utils/Cargo.toml
 M repos/move-vm/language/evm/extract-ethereum-abi/Cargo.toml
 M repos/move-vm/language/evm/move-ethereum-abi/Cargo.toml
 M repos/move-vm/language/evm/move-to-yul/Cargo.toml
 M repos/move-vm/language/extensions/async/move-async-vm/Cargo.toml
 M repos/move-vm/language/extensions/move-table-extension/Cargo.toml
 M repos/move-vm/language/move-analyzer/Cargo.toml
 M repos/move-vm/language/move-binary-format/Cargo.toml
 M repos/move-vm/language/move-binary-format/serializer-tests/Cargo.toml
 M repos/move-vm/language/move-bytecode-verifier/Cargo.toml
 M repos/move-vm/language/move-bytecode-verifier/bytecode-verifier-tests/Cargo.toml
 M repos/move-vm/language/move-bytecode-verifier/fuzz/Cargo.toml
 M repos/move-vm/language/move-bytecode-verifier/invalid-mutations/Cargo.toml
 M repos/move-vm/language/move-bytecode-verifier/transactional-tests/Cargo.toml
 M repos/move-vm/language/move-command-line-common/Cargo.toml
 M repos/move-vm/language/move-compiler/Cargo.toml
 M repos/move-vm/language/move-compiler/src/lib.rs
 M repos/move-vm/language/move-compiler/transactional-tests/Cargo.toml
 M repos/move-vm/language/move-core/types/Cargo.toml
 M repos/move-vm/language/move-ir-compiler/Cargo.toml
 M repos/move-vm/language/move-ir-compiler/move-bytecode-source-map/Cargo.toml
 M repos/move-vm/language/move-ir-compiler/move-ir-to-bytecode/Cargo.toml
 M repos/move-vm/language/move-ir-compiler/move-ir-to-bytecode/syntax/Cargo.toml
 M repos/move-vm/language/move-ir-compiler/transactional-tests/Cargo.toml
 M repos/move-vm/language/move-ir/types/Cargo.toml
 M repos/move-vm/language/move-model/Cargo.toml
 M repos/move-vm/language/move-prover/Cargo.toml
 M repos/move-vm/language/move-prover/boogie-backend/Cargo.toml
 M repos/move-vm/language/move-prover/bytecode/Cargo.toml
 M repos/move-vm/language/move-prover/interpreter-testsuite/Cargo.toml
 M repos/move-vm/language/move-prover/interpreter/Cargo.toml
 M repos/move-vm/language/move-prover/interpreter/crypto/Cargo.toml
 M repos/move-vm/language/move-prover/lab/Cargo.toml
 M repos/move-vm/language/move-prover/move-abigen/Cargo.toml
 M repos/move-vm/language/move-prover/move-docgen/Cargo.toml
 M repos/move-vm/language/move-prover/move-errmapgen/Cargo.toml
 M repos/move-vm/language/move-prover/mutation/Cargo.toml
 M repos/move-vm/language/move-prover/test-utils/Cargo.toml
 M repos/move-vm/language/move-prover/tools/spec-flatten/Cargo.toml
 M repos/move-vm/language/move-stdlib/Cargo.toml
 M repos/move-vm/language/move-symbol-pool/Cargo.toml
 M repos/move-vm/language/move-vm/integration-tests/Cargo.toml
 M repos/move-vm/language/move-vm/paranoid-tests/Cargo.toml
 M repos/move-vm/language/move-vm/runtime/Cargo.toml
 M repos/move-vm/language/move-vm/test-utils/Cargo.toml
 M repos/move-vm/language/move-vm/transactional-tests/Cargo.toml
 M repos/move-vm/language/move-vm/types/Cargo.toml
 M repos/move-vm/language/testing-infra/module-generation/Cargo.toml
 M repos/move-vm/language/testing-infra/test-generation/Cargo.toml
 M repos/move-vm/language/testing-infra/transactional-test-runner/Cargo.toml
 M repos/move-vm/language/tools/move-bytecode-utils/Cargo.toml
 M repos/move-vm/language/tools/move-bytecode-viewer/Cargo.toml
 M repos/move-vm/language/tools/move-cli/Cargo.toml
 M repos/move-vm/language/tools/move-coverage/Cargo.toml
 M repos/move-vm/language/tools/move-disassembler/Cargo.toml
 M repos/move-vm/language/tools/move-explain/Cargo.toml
 M repos/move-vm/language/tools/move-package/Cargo.toml
 M repos/move-vm/language/tools/move-resource-viewer/Cargo.toml
 M repos/move-vm/language/tools/move-unit-test/Cargo.toml
 M repos/move-vm/language/tools/read-write-set/Cargo.toml
 M repos/move-vm/language/tools/read-write-set/dynamic/Cargo.toml
 M repos/move-vm/language/tools/read-write-set/types/Cargo.toml
 M repos/move-vm/move-vm-backend-common/Cargo.toml
 M repos/move-vm/move-vm-backend/Cargo.toml
 M repos/move-vm/move-vm-support/Cargo.toml
 D repos/move-vm/rust-toolchain
 D repos/move-vm/rustfmt.toml
 D repos/set-bft/.github/actions/check-version-bumped/action.yml
 D repos/set-bft/.github/actions/install-rust-toolchain/action.yml
 D repos/set-bft/.github/dependabot.yml
 D repos/set-bft/.github/scripts/readme-cargo-toml-versions-aligned-consensus.sh
 D repos/set-bft/.github/workflows/cargo-audit.yml
 D repos/set-bft/.github/workflows/check-version-bumped-consensus.yml
 D repos/set-bft/.github/workflows/check-version-bumped-crypto.yml
 D repos/set-bft/.github/workflows/check-version-bumped-mock.yml
 D repos/set-bft/.github/workflows/check-version-bumped-rmc.yml
 D repos/set-bft/.github/workflows/check-version-bumped-types.yml
 D repos/set-bft/.github/workflows/ci.yml
 D repos/set-bft/.github/workflows/gh-pages.yml
 D repos/set-bft/.github/workflows/post-dod-checklist.yml
 D repos/set-bft/.github/workflows/publish-packages.yml
 D repos/set-bft/.github/workflows/push-foundation-repo.yml
 D repos/set-bft/.github/workflows/readme-cargo-toml-versions-aligned-consensus.yml
 D repos/set-bft/.gitignore
 D repos/set-bft/Cargo.lock
 D repos/set-bft/Cargo.toml
 M repos/set-bft/consensus/Cargo.toml
 M repos/set-bft/crypto/Cargo.toml
 M repos/set-bft/examples/blockchain/Cargo.toml
 M repos/set-bft/examples/ordering/Cargo.toml
 M repos/set-bft/mock/Cargo.toml
 M repos/set-bft/rmc/Cargo.toml
 D repos/set-bft/rust-toolchain.toml
 D repos/set-bft/rustfmt.toml
 M repos/set-bft/types/Cargo.toml
 D repos/setheum-js/.editorconfig
 M repos/setheum-js/package.json
 D repos/setheum/.agents/CONSENSUS_INTEGRATION.md
 D repos/setheum/.editorconfig
 D repos/setheum/.github/workflows/codespell.yml
 D repos/setheum/.github/workflows/coverage.yml
 D repos/setheum/.github/workflows/release.yml
 D repos/setheum/.github/workflows/rust-release.yml
 D repos/setheum/.github/workflows/test.yml
 D repos/setheum/.github/workflows/zepter.yml
 D repos/setheum/.maintain/module-weight-template.hbs
 D repos/setheum/.maintain/orml-weight-template.hbs
 D repos/setheum/.maintain/runtime-weight-template.hbs
 D repos/setheum/.rustfmt.toml
 D repos/setheum/Cargo.lock
 D repos/setheum/Cargo.toml
 D repos/setheum/Dockerfile
 D repos/setheum/Makefile
 M repos/setheum/benches/payout-stakers/Cargo.toml
 M repos/setheum/clisee/Cargo.toml
 D repos/setheum/clisee/Dockerfile
 D repos/setheum/docker/docker_entrypoint.sh
 M repos/setheum/e2e-tests/Cargo.toml
 M repos/setheum/finality/finality-setbft/Cargo.toml
 M repos/setheum/finalizer/Cargo.toml
 M repos/setheum/node/Cargo.toml
 D repos/setheum/predeploy-contracts/example/.rustfmt.toml
 M repos/setheum/primitives/proc-macro/Cargo.toml
 M repos/setheum/runtime-modules/benchmarking/Cargo.toml
 M repos/setheum/runtime-modules/bridge-access-segregator/Cargo.toml
 M repos/setheum/runtime-modules/bridge-basic-fee-handler/Cargo.toml
 M repos/setheum/runtime-modules/bridge-fee-handler-router/Cargo.toml
 M repos/setheum/runtime-modules/bridge-forwarder/Cargo.toml
 M repos/setheum/runtime-modules/bridge-parachain-info/Cargo.toml
 M repos/setheum/runtime-modules/bridge-percentage-fee-handler/Cargo.toml
 M repos/setheum/runtime-modules/bridge-traits/Cargo.toml
 M repos/setheum/runtime-modules/bridge-xcm/Cargo.toml
 M repos/setheum/runtime-modules/bridge/Cargo.toml
 M repos/setheum/runtime-modules/idle-scheduler/Cargo.toml
 M repos/setheum/runtime-modules/move/rpc/Cargo.toml
 M repos/setheum/runtime-modules/move/runtime-api/Cargo.toml
 M repos/setheum/runtime-modules/operations/Cargo.toml
 M repos/setheum/runtime-modules/oracle/Cargo.toml
 M repos/setheum/runtime-modules/pay/Cargo.toml
 M repos/setheum/runtime-modules/xtokens/Cargo.toml
 M repos/setheum/runtime/Cargo.toml
 M repos/setheum/runtime/common/Cargo.toml
 D repos/setheum/rust-toolchain.toml
 M repos/setheum/scripts/synthetic-network/synthetic-link/Cargo.toml
 M repos/setheum/setheum-client/Cargo.toml
 D repos/setheum/setheum-client/docker/README.md
 D repos/setheum/setheum-client/docker/subxt-integration-entrypoint.sh
 D repos/setheum/setheum-client/docker/subxt-integration.Dockerfile
 M repos/setheum/setheum-move
 M repos/setheum/tests/flooder/Cargo.toml
 M repos/setheum/tests/ink-contracts/adder/Cargo.toml
 D repos/sheyth/.config/cargo_spellcheck.dic
 D repos/sheyth/.config/cargo_spellcheck.toml
 D repos/sheyth/.config/zepter.yaml
 D repos/sheyth/.editorconfig
 D repos/sheyth/.github/ISSUE_TEMPLATE/bug_report.md
 D repos/sheyth/.github/ISSUE_TEMPLATE/config.yml
 D repos/sheyth/.github/dependabot.yml
 D repos/sheyth/.github/download-artifact/action.yml
 D repos/sheyth/.github/pull_request_template.md
 D repos/sheyth/.github/rust-info/action.yml
 D repos/sheyth/.github/scripts/combine-pr.py
 D repos/sheyth/.github/scripts/contract_sizes_submit.sh
 D repos/sheyth/.github/workflows/ci.yml
 D repos/sheyth/.github/workflows/dependabot-auto-merge.yml
 D repos/sheyth/.github/workflows/examples.yml
 D repos/sheyth/.github/workflows/issue-notifier.yml
 D repos/sheyth/.github/workflows/measurements.yml
 D repos/sheyth/.github/workflows/pr-notifier.yml
 D repos/sheyth/.github/workflows/publish-docs.yml
 D repos/sheyth/.github/workflows/release-bot.yml
 D repos/sheyth/.github/workflows/submit-contract-sizes.yml
 D repos/sheyth/.rustfmt.toml
 D repos/sheyth/Cargo.lock
 D repos/sheyth/Cargo.toml
 M repos/sheyth/crates/cargo-contract/Cargo.toml
 M repos/sheyth/crates/contract-analyze/Cargo.toml
 M repos/sheyth/crates/contract-build/Cargo.toml
 M repos/sheyth/crates/contract-extrinsics/Cargo.toml
 M repos/sheyth/crates/contract-metadata/Cargo.toml
 M repos/sheyth/crates/contract-transcode/Cargo.toml
 M repos/sheyth/crates/e2e/Cargo.toml
 M repos/sheyth/crates/e2e/macro/Cargo.toml
 M repos/sheyth/crates/env/Cargo.toml
 M repos/sheyth/crates/ink/codegen/Cargo.toml
 M repos/sheyth/crates/ink/macro/Cargo.toml
 M repos/sheyth/crates/metadata/Cargo.toml
 M repos/sheyth/crates/storage/Cargo.toml
 M repos/sheyth/integration-tests/internal/call-builder-return-value/Cargo.toml
 M repos/sheyth/integration-tests/internal/e2e-runtime-only-backend/Cargo.toml
 M repos/sheyth/integration-tests/internal/lang-err/call-builder-delegate/Cargo.toml
 M repos/sheyth/integration-tests/internal/lang-err/call-builder/Cargo.toml
 M repos/sheyth/integration-tests/internal/lang-err/constructors-return-value/Cargo.toml
 M repos/sheyth/integration-tests/internal/lang-err/contract-ref/Cargo.toml
 M repos/sheyth/integration-tests/internal/lang-err/integration-flipper/Cargo.toml
 M repos/sheyth/integration-tests/internal/mother/Cargo.toml
 M repos/sheyth/integration-tests/internal/sr25519-verification/Cargo.toml
 M repos/sheyth/integration-tests/internal/storage-types/Cargo.toml
 M repos/sheyth/integration-tests/public/call-runtime/Cargo.toml
 M repos/sheyth/integration-tests/public/combined-extension/Cargo.toml
 M repos/sheyth/integration-tests/public/conditional-compilation/Cargo.toml
 M repos/sheyth/integration-tests/public/contract-storage/Cargo.toml
 M repos/sheyth/integration-tests/public/contract-terminate/Cargo.toml
 M repos/sheyth/integration-tests/public/contract-transfer/Cargo.toml
 M repos/sheyth/integration-tests/public/contract-xcm/Cargo.toml
 M repos/sheyth/integration-tests/public/cross-contract-calls/Cargo.toml
 M repos/sheyth/integration-tests/public/cross-contract-calls/other-contract/Cargo.toml
 M repos/sheyth/integration-tests/public/custom-allocator/Cargo.toml
 M repos/sheyth/integration-tests/public/custom-environment/Cargo.toml
 M repos/sheyth/integration-tests/public/dns/Cargo.toml
 M repos/sheyth/integration-tests/public/e2e-call-runtime/Cargo.toml
 M repos/sheyth/integration-tests/public/erc1155/Cargo.toml
 M repos/sheyth/integration-tests/public/erc20/Cargo.toml
 M repos/sheyth/integration-tests/public/erc721/Cargo.toml
 M repos/sheyth/integration-tests/public/events/Cargo.toml
 M repos/sheyth/integration-tests/public/events/event-def-unused/Cargo.toml
 M repos/sheyth/integration-tests/public/events/event-def/Cargo.toml
 M repos/sheyth/integration-tests/public/events/event-def2/Cargo.toml
 M repos/sheyth/integration-tests/public/flipper/Cargo.toml
 M repos/sheyth/integration-tests/public/incrementer/Cargo.toml
 M repos/sheyth/integration-tests/public/lazyvec/Cargo.toml
 M repos/sheyth/integration-tests/public/mapping/Cargo.toml
 M repos/sheyth/integration-tests/public/multi-contract-caller/Cargo.toml
 M repos/sheyth/integration-tests/public/multi-contract-caller/accumulator/Cargo.toml
 M repos/sheyth/integration-tests/public/multi-contract-caller/adder/Cargo.toml
 M repos/sheyth/integration-tests/public/multi-contract-caller/subber/Cargo.toml
 M repos/sheyth/integration-tests/public/multisig/Cargo.toml
 M repos/sheyth/integration-tests/public/payment-channel/Cargo.toml
 M repos/sheyth/integration-tests/public/psp22-extension/Cargo.toml
 M repos/sheyth/integration-tests/public/rand-extension/Cargo.toml
 M repos/sheyth/integration-tests/public/runtime-call-contract/Cargo.toml
 M repos/sheyth/integration-tests/public/runtime-call-contract/sandbox-runtime/Cargo.toml
 M repos/sheyth/integration-tests/public/runtime-call-contract/sandbox-runtime/pallet-contract-caller/Cargo.toml
 M repos/sheyth/integration-tests/public/runtime-call-contract/traits/Cargo.toml
 M repos/sheyth/integration-tests/public/static-buffer/Cargo.toml
 M repos/sheyth/integration-tests/public/trait-dyn-cross-contract-calls/Cargo.toml
 M repos/sheyth/integration-tests/public/trait-dyn-cross-contract-calls/contracts/incrementer/Cargo.toml
 M repos/sheyth/integration-tests/public/trait-dyn-cross-contract-calls/traits/Cargo.toml
 M repos/sheyth/integration-tests/public/trait-erc20/Cargo.toml
 M repos/sheyth/integration-tests/public/trait-flipper/Cargo.toml
 M repos/sheyth/integration-tests/public/trait-incrementer/Cargo.toml
 M repos/sheyth/integration-tests/public/trait-incrementer/traits/Cargo.toml
 M repos/sheyth/integration-tests/public/upgradeable-contracts/delegator/Cargo.toml
 M repos/sheyth/integration-tests/public/upgradeable-contracts/delegator/delegatee/Cargo.toml
 M repos/sheyth/integration-tests/public/upgradeable-contracts/delegator/delegatee2/Cargo.toml
 M repos/sheyth/integration-tests/public/upgradeable-contracts/set-code-hash-migration/Cargo.toml
 M repos/sheyth/integration-tests/public/upgradeable-contracts/set-code-hash-migration/migration/Cargo.toml
 M repos/sheyth/integration-tests/public/upgradeable-contracts/set-code-hash-migration/updated-incrementer/Cargo.toml
 M repos/sheyth/integration-tests/public/upgradeable-contracts/set-code-hash/Cargo.toml
 M repos/sheyth/integration-tests/public/upgradeable-contracts/set-code-hash/updated-incrementer/Cargo.toml
 M repos/sheyth/integration-tests/public/wildcard-selector/Cargo.toml
 M repos/sheyth/linting/Cargo.toml
 M repos/sheyth/linting/extra/Cargo.toml
 M repos/sheyth/linting/mandatory/Cargo.toml
 D repos/spinit/.github/workflows/publish.yml
 D repos/spinit/.github/workflows/rust-checks.yml
 D repos/spinit/Cargo.lock
 D repos/spinit/Cargo.toml
 M repos/spinit/examples/chain-extension/Cargo.toml
 M repos/spinit/examples/contract-events/Cargo.toml
 M repos/spinit/examples/cross-contract-call-tracing/Cargo.toml
 M repos/spinit/examples/dry-running/Cargo.toml
 M repos/spinit/examples/flipper/Cargo.toml
 M repos/spinit/examples/mocking/Cargo.toml
 M repos/spinit/examples/multiple-contracts/Cargo.toml
 M repos/spinit/examples/quick-start-with-drink/Cargo.toml
 M repos/spinit/examples/runtime-interaction/Cargo.toml
 D repos/spinit/rustfmt.toml
?? .maintain/
?? Cargo.lock
?? docker/
?? docs/CHANGELOG.md
?? docs/CODEOWNERS
?? docs/CODE_OF_CONDUCT.md
?? git_status.log
?? go.work
?? package.json
